TN:
SF:src\users\rabbitmq.service.ts
FN:11,(anonymous_2)
FN:13,(anonymous_3)
FN:17,(anonymous_4)
FN:28,(anonymous_5)
FN:40,(anonymous_6)
FNF:5
FNH:0
FNDA:0,(anonymous_2)
FNDA:0,(anonymous_3)
FNDA:0,(anonymous_4)
FNDA:0,(anonymous_5)
FNDA:0,(anonymous_6)
DA:1,2
DA:2,2
DA:3,2
DA:7,2
DA:11,0
DA:14,0
DA:18,0
DA:19,0
DA:20,0
DA:22,0
DA:24,0
DA:29,0
DA:30,0
DA:33,0
DA:35,0
DA:41,0
DA:42,0
LF:17
LH:4
BRDA:29,0,0,0
BRF:1
BRH:0
end_of_record
TN:
SF:src\users\users.controller.ts
FN:9,(anonymous_4)
FN:12,(anonymous_5)
FN:17,(anonymous_6)
FN:21,(anonymous_7)
FN:26,(anonymous_8)
FNF:5
FNH:4
FNDA:4,(anonymous_4)
FNDA:1,(anonymous_5)
FNDA:0,(anonymous_6)
FNDA:1,(anonymous_7)
FNDA:1,(anonymous_8)
DA:1,1
DA:2,1
DA:8,1
DA:9,4
DA:12,1
DA:13,1
DA:14,1
DA:17,1
DA:18,0
DA:21,1
DA:22,1
DA:26,1
DA:27,1
LF:13
LH:12
BRF:0
BRH:0
end_of_record
TN:
SF:src\users\users.service.ts
FN:19,(anonymous_4)
FN:33,(anonymous_5)
FN:50,(anonymous_6)
FN:54,(anonymous_7)
FN:89,(anonymous_8)
FNF:5
FNH:0
FNDA:0,(anonymous_4)
FNDA:0,(anonymous_5)
FNDA:0,(anonymous_6)
FNDA:0,(anonymous_7)
FNDA:0,(anonymous_8)
DA:1,2
DA:3,2
DA:4,2
DA:5,2
DA:7,2
DA:8,2
DA:10,2
DA:11,2
DA:12,2
DA:13,2
DA:16,2
DA:17,0
DA:20,0
DA:21,0
DA:23,0
DA:24,0
DA:28,0
DA:29,0
DA:34,0
DA:35,0
DA:45,0
DA:47,0
DA:51,0
DA:52,0
DA:55,0
DA:56,0
DA:57,0
DA:58,0
DA:61,0
DA:62,0
DA:64,0
DA:65,0
DA:66,0
DA:68,0
DA:69,0
DA:70,0
DA:72,0
DA:73,0
DA:75,0
DA:77,0
DA:78,0
DA:80,0
DA:82,0
DA:84,0
DA:90,0
DA:91,0
DA:92,0
LF:47
LH:11
BRDA:28,0,0,0
BRDA:56,1,0,0
BRDA:77,2,0,0
BRDA:77,2,1,0
BRDA:77,3,0,0
BRDA:77,3,1,0
BRDA:91,4,0,0
BRDA:91,5,0,0
BRDA:91,5,1,0
BRF:9
BRH:0
end_of_record
TN:
SF:src\users\schemas\user-avatar.schema.ts
FNF:0
FNH:0
DA:1,2
DA:2,2
DA:5,2
DA:7,2
DA:10,2
DA:13,2
DA:16,2
LF:7
LH:7
BRF:0
BRH:0
end_of_record
TN:
SF:src\users\schemas\user.schema.ts
FNF:0
FNH:0
DA:1,2
DA:2,2
DA:5,2
DA:7,2
DA:10,2
DA:13,2
LF:6
LH:6
BRF:0
BRH:0
end_of_record
